<?xml version="1.0" encoding="UTF-8"?>
<!-- Generated by org.testng.reporters.JUnitReportReporter -->
<testsuite hostname="DESKTOP-7S7IFAC" failures="0" tests="3" name="Testing.Test1" time="0.027" errors="0" timestamp="2022-07-23T16:58:51 IST" skipped="0">
  <testcase classname="Testing.Test1" name="chats" time="0.017"/>
  <system-out>
    <![CDATA[chats]]>
  </system-out>
  <testcase classname="Testing.Test1" name="settings" time="0.008"/>
  <system-out>
    <![CDATA[settings]]>
  </system-out>
  <testcase classname="Testing.Test1" name="calls" time="0.002"/>
  <system-out>
    <![CDATA[calls]]>
  </system-out>
</testsuite> <!-- Testing.Test1 -->
