<?xml version="1.0" encoding="UTF-8"?>
<!-- Generated by org.testng.reporters.JUnitReportReporter -->
<testsuite hostname="DESKTOP-7S7IFAC" failures="0" tests="1" name="Testng.Testcase1" time="21.849" errors="0" timestamp="2022-07-23T23:30:48 IST" skipped="0">
  <testcase classname="Testng.Testcase1" name="tc1" time="21.849"/>
  <system-out>
    <![CDATA[Facebook â€“ log in or sign up
https://www.facebook.com/]]>
  </system-out>
</testsuite> <!-- Testng.Testcase1 -->
