<?xml version="1.0" encoding="UTF-8"?>
<!-- Generated by org.testng.reporters.JUnitReportReporter -->
<testsuite hostname="DESKTOP-7S7IFAC" failures="0" tests="1" name="Testing.Test0" time="0.043" errors="0" timestamp="2022-07-22T18:08:43 IST" skipped="0">
  <testcase classname="Testing.Test0" name="demo" time="0.043"/>
  <system-out>
    <![CDATA[hello java
hello selenium]]>
  </system-out>
</testsuite> <!-- Testing.Test0 -->
